{"/Users/sukesh/Documents/Silver-Bars/server/src/app.ts": {"path":"/Users/sukesh/Documents/Silver-Bars/server/src/app.ts","statementMap":{"0":{"start":{"line":1,"column":0},"end":{"line":1,"column":30}},"1":{"start":{"line":2,"column":0},"end":{"line":2,"column":37}},"2":{"start":{"line":3,"column":0},"end":{"line":3,"column":37}},"3":{"start":{"line":5,"column":12},"end":{"line":5,"column":21}},"4":{"start":{"line":7,"column":0},"end":{"line":7,"column":52}},"5":{"start":{"line":8,"column":0},"end":{"line":8,"column":27}},"6":{"start":{"line":10,"column":0},"end":{"line":16,"column":3}},"7":{"start":{"line":11,"column":2},"end":{"line":15,"column":null}},"8":{"start":{"line":12,"column":4},"end":{"line":12,"column":41}},"9":{"start":{"line":14,"column":4},"end":{"line":14,"column":12}},"10":{"start":{"line":18,"column":0},"end":{"line":29,"column":3}},"11":{"start":{"line":19,"column":2},"end":{"line":28,"column":null}},"12":{"start":{"line":20,"column":4},"end":{"line":20,"column":79}},"13":{"start":{"line":22,"column":4},"end":{"line":27,"column":null}},"14":{"start":{"line":23,"column":6},"end":{"line":23,"column":50}},"15":{"start":{"line":24,"column":6},"end":{"line":24,"column":62}},"16":{"start":{"line":26,"column":6},"end":{"line":26,"column":18}},"17":{"start":{"line":31,"column":0},"end":{"line":37,"column":3}},"18":{"start":{"line":32,"column":2},"end":{"line":36,"column":null}},"19":{"start":{"line":33,"column":4},"end":{"line":33,"column":58}},"20":{"start":{"line":35,"column":4},"end":{"line":35,"column":12}},"21":{"start":{"line":39,"column":0},"end":{"line":46,"column":3}},"22":{"start":{"line":40,"column":2},"end":{"line":45,"column":null}},"23":{"start":{"line":41,"column":4},"end":{"line":41,"column":79}},"24":{"start":{"line":43,"column":19},"end":{"line":43,"column":60}},"25":{"start":{"line":44,"column":4},"end":{"line":44,"column":33}},"26":{"start":{"line":48,"column":0},"end":{"line":48,"column":19}}},"fnMap":{"0":{"name":"(anonymous_2)","decl":{"start":{"line":10,"column":29},"end":{"line":10,"column":30}},"loc":{"start":{"line":10,"column":48},"end":{"line":16,"column":1}}},"1":{"name":"(anonymous_3)","decl":{"start":{"line":18,"column":31},"end":{"line":18,"column":36}},"loc":{"start":{"line":18,"column":60},"end":{"line":29,"column":1}}},"2":{"name":"(anonymous_4)","decl":{"start":{"line":31,"column":32},"end":{"line":31,"column":37}},"loc":{"start":{"line":31,"column":61},"end":{"line":37,"column":1}}},"3":{"name":"(anonymous_5)","decl":{"start":{"line":39,"column":29},"end":{"line":39,"column":34}},"loc":{"start":{"line":39,"column":52},"end":{"line":46,"column":1}}}},"branchMap":{"0":{"loc":{"start":{"line":19,"column":2},"end":{"line":28,"column":null}},"type":"if","locations":[{"start":{"line":19,"column":2},"end":{"line":28,"column":null}},{"start":{"line":19,"column":2},"end":{"line":28,"column":null}}]},"1":{"loc":{"start":{"line":40,"column":2},"end":{"line":45,"column":null}},"type":"if","locations":[{"start":{"line":40,"column":2},"end":{"line":45,"column":null}},{"start":{"line":40,"column":2},"end":{"line":45,"column":null}}]}},"s":{"0":1,"1":1,"2":1,"3":1,"4":1,"5":1,"6":1,"7":0,"8":0,"9":0,"10":1,"11":2,"12":1,"13":1,"14":1,"15":1,"16":0,"17":1,"18":1,"19":1,"20":0,"21":1,"22":1,"23":0,"24":1,"25":1,"26":1},"f":{"0":0,"1":2,"2":1,"3":1},"b":{"0":[1,1],"1":[0,1]}}
,"/Users/sukesh/Documents/Silver-Bars/server/src/constants.ts": {"path":"/Users/sukesh/Documents/Silver-Bars/server/src/constants.ts","statementMap":{"0":{"start":{"line":1,"column":13},"end":{"line":4,"column":2}}},"fnMap":{},"branchMap":{},"s":{"0":2},"f":{},"b":{}}
,"/Users/sukesh/Documents/Silver-Bars/server/src/server.ts": {"path":"/Users/sukesh/Documents/Silver-Bars/server/src/server.ts","statementMap":{"0":{"start":{"line":1,"column":0},"end":{"line":1,"column":24}},"1":{"start":{"line":2,"column":13},"end":{"line":2,"column":17}},"2":{"start":{"line":4,"column":0},"end":{"line":4,"column":78}},"3":{"start":{"line":4,"column":23},"end":{"line":4,"column":76}}},"fnMap":{"0":{"name":"(anonymous_1)","decl":{"start":{"line":4,"column":17},"end":{"line":4,"column":20}},"loc":{"start":{"line":4,"column":23},"end":{"line":4,"column":76}}}},"branchMap":{},"s":{"0":0,"1":0,"2":0,"3":0},"f":{"0":0},"b":{}}
,"/Users/sukesh/Documents/Silver-Bars/server/src/helpers/fileOps.ts": {"path":"/Users/sukesh/Documents/Silver-Bars/server/src/helpers/fileOps.ts","statementMap":{"0":{"start":{"line":1,"column":0},"end":{"line":1,"column":20}},"1":{"start":{"line":2,"column":13},"end":{"line":2,"column":28}},"2":{"start":{"line":3,"column":14},"end":{"line":3,"column":35}},"3":{"start":{"line":4,"column":0},"end":{"line":4,"column":24}},"4":{"start":{"line":7,"column":18},"end":{"line":7,"column":46}},"5":{"start":{"line":8,"column":16},"end":{"line":8,"column":43}},"6":{"start":{"line":10,"column":13},"end":{"line":12,"column":2}},"7":{"start":{"line":11,"column":2},"end":{"line":11,"column":68}},"8":{"start":{"line":14,"column":13},"end":{"line":16,"column":2}},"9":{"start":{"line":15,"column":2},"end":{"line":15,"column":67}},"10":{"start":{"line":18,"column":13},"end":{"line":19,"column":63}},"11":{"start":{"line":19,"column":2},"end":{"line":19,"column":62}},"12":{"start":{"line":21,"column":13},"end":{"line":22,"column":43}},"13":{"start":{"line":22,"column":2},"end":{"line":22,"column":42}}},"fnMap":{"0":{"name":"(anonymous_1)","decl":{"start":{"line":10,"column":33},"end":{"line":10,"column":38}},"loc":{"start":{"line":10,"column":58},"end":{"line":12,"column":1}}},"1":{"name":"(anonymous_2)","decl":{"start":{"line":14,"column":34},"end":{"line":14,"column":39}},"loc":{"start":{"line":14,"column":74},"end":{"line":16,"column":1}}},"2":{"name":"(anonymous_3)","decl":{"start":{"line":18,"column":28},"end":{"line":18,"column":31}},"loc":{"start":{"line":19,"column":2},"end":{"line":19,"column":62}}},"3":{"name":"(anonymous_4)","decl":{"start":{"line":21,"column":29},"end":{"line":21,"column":30}},"loc":{"start":{"line":22,"column":2},"end":{"line":22,"column":42}}}},"branchMap":{},"s":{"0":2,"1":2,"2":2,"3":2,"4":2,"5":2,"6":2,"7":10,"8":2,"9":4,"10":2,"11":0,"12":2,"13":0},"f":{"0":10,"1":4,"2":0,"3":0},"b":{}}
,"/Users/sukesh/Documents/Silver-Bars/server/src/helpers/index.ts": {"path":"/Users/sukesh/Documents/Silver-Bars/server/src/helpers/index.ts","statementMap":{"0":{"start":{"line":1,"column":0},"end":{"line":1,"column":31}},"1":{"start":{"line":2,"column":0},"end":{"line":2,"column":37}},"2":{"start":{"line":5,"column":0},"end":{"line":5,"column":37}},"3":{"start":{"line":6,"column":0},"end":{"line":6,"column":42}},"4":{"start":{"line":8,"column":13},"end":{"line":9,"column":41}},"5":{"start":{"line":9,"column":2},"end":{"line":9,"column":40}},"6":{"start":{"line":11,"column":13},"end":{"line":17,"column":2}},"7":{"start":{"line":12,"column":20},"end":{"line":12,"column":53}},"8":{"start":{"line":13,"column":35},"end":{"line":13,"column":58}},"9":{"start":{"line":14,"column":2},"end":{"line":16,"column":4}},"10":{"start":{"line":19,"column":13},"end":{"line":33,"column":2}},"11":{"start":{"line":23,"column":2},"end":{"line":28,"column":null}},"12":{"start":{"line":24,"column":4},"end":{"line":27,"column":34}},"13":{"start":{"line":25,"column":18},"end":{"line":25,"column":35}},"14":{"start":{"line":26,"column":22},"end":{"line":26,"column":27}},"15":{"start":{"line":27,"column":18},"end":{"line":27,"column":32}},"16":{"start":{"line":29,"column":2},"end":{"line":32,"column":32}},"17":{"start":{"line":30,"column":16},"end":{"line":30,"column":33}},"18":{"start":{"line":31,"column":20},"end":{"line":31,"column":25}},"19":{"start":{"line":32,"column":16},"end":{"line":32,"column":30}},"20":{"start":{"line":35,"column":13},"end":{"line":53,"column":4}},"21":{"start":{"line":40,"column":2},"end":{"line":52,"column":null}},"22":{"start":{"line":42,"column":36},"end":{"line":44,"column":72}},"23":{"start":{"line":43,"column":22},"end":{"line":43,"column":36}},"24":{"start":{"line":44,"column":46},"end":{"line":44,"column":71}},"25":{"start":{"line":45,"column":6},"end":{"line":50,"column":8}},"26":{"start":{"line":55,"column":13},"end":{"line":77,"column":2}},"27":{"start":{"line":56,"column":29},"end":{"line":56,"column":62}},"28":{"start":{"line":58,"column":21},"end":{"line":64,"column":null}},"29":{"start":{"line":60,"column":42},"end":{"line":60,"column":71}},"30":{"start":{"line":67,"column":20},"end":{"line":73,"column":null}},"31":{"start":{"line":69,"column":32},"end":{"line":69,"column":66}},"32":{"start":{"line":76,"column":2},"end":{"line":76,"column":39}},"33":{"start":{"line":79,"column":13},"end":{"line":95,"column":2}},"34":{"start":{"line":80,"column":29},"end":{"line":80,"column":62}},"35":{"start":{"line":81,"column":26},"end":{"line":82,"column":null}},"36":{"start":{"line":82,"column":4},"end":{"line":82,"column":31}},"37":{"start":{"line":85,"column":2},"end":{"line":92,"column":null}},"38":{"start":{"line":86,"column":26},"end":{"line":87,"column":null}},"39":{"start":{"line":87,"column":24},"end":{"line":87,"column":52}},"40":{"start":{"line":90,"column":4},"end":{"line":90,"column":68}},"41":{"start":{"line":91,"column":4},"end":{"line":91,"column":31}},"42":{"start":{"line":94,"column":2},"end":{"line":94,"column":27}}},"fnMap":{"0":{"name":"(anonymous_2)","decl":{"start":{"line":8,"column":32},"end":{"line":8,"column":43}},"loc":{"start":{"line":9,"column":2},"end":{"line":9,"column":40}}},"1":{"name":"(anonymous_3)","decl":{"start":{"line":11,"column":29},"end":{"line":11,"column":34}},"loc":{"start":{"line":11,"column":69},"end":{"line":17,"column":1}}},"2":{"name":"(anonymous_4)","decl":{"start":{"line":19,"column":27},"end":{"line":19,"column":null}},"loc":{"start":{"line":22,"column":14},"end":{"line":33,"column":1}}},"3":{"name":"(anonymous_5)","decl":{"start":{"line":25,"column":11},"end":{"line":25,"column":14}},"loc":{"start":{"line":25,"column":18},"end":{"line":25,"column":35}}},"4":{"name":"(anonymous_6)","decl":{"start":{"line":26,"column":12},"end":{"line":26,"column":13}},"loc":{"start":{"line":26,"column":22},"end":{"line":26,"column":27}}},"5":{"name":"(anonymous_7)","decl":{"start":{"line":27,"column":11},"end":{"line":27,"column":14}},"loc":{"start":{"line":27,"column":18},"end":{"line":27,"column":32}}},"6":{"name":"(anonymous_8)","decl":{"start":{"line":30,"column":9},"end":{"line":30,"column":12}},"loc":{"start":{"line":30,"column":16},"end":{"line":30,"column":33}}},"7":{"name":"(anonymous_9)","decl":{"start":{"line":31,"column":10},"end":{"line":31,"column":11}},"loc":{"start":{"line":31,"column":20},"end":{"line":31,"column":25}}},"8":{"name":"(anonymous_10)","decl":{"start":{"line":32,"column":9},"end":{"line":32,"column":12}},"loc":{"start":{"line":32,"column":16},"end":{"line":32,"column":30}}},"9":{"name":"(anonymous_11)","decl":{"start":{"line":35,"column":38},"end":{"line":35,"column":null}},"loc":{"start":{"line":40,"column":2},"end":{"line":52,"column":null}}},"10":{"name":"(anonymous_12)","decl":{"start":{"line":41,"column":4},"end":{"line":41,"column":5}},"loc":{"start":{"line":41,"column":20},"end":{"line":51,"column":5}}},"11":{"name":"(anonymous_13)","decl":{"start":{"line":43,"column":13},"end":{"line":43,"column":18}},"loc":{"start":{"line":43,"column":22},"end":{"line":43,"column":36}}},"12":{"name":"(anonymous_14)","decl":{"start":{"line":44,"column":16},"end":{"line":44,"column":17}},"loc":{"start":{"line":44,"column":46},"end":{"line":44,"column":71}}},"13":{"name":"(anonymous_15)","decl":{"start":{"line":55,"column":31},"end":{"line":55,"column":36}},"loc":{"start":{"line":55,"column":61},"end":{"line":77,"column":1}}},"14":{"name":"(anonymous_16)","decl":{"start":{"line":60,"column":23},"end":{"line":60,"column":24}},"loc":{"start":{"line":60,"column":42},"end":{"line":60,"column":71}}},"15":{"name":"(anonymous_17)","decl":{"start":{"line":69,"column":23},"end":{"line":69,"column":28}},"loc":{"start":{"line":69,"column":32},"end":{"line":69,"column":66}}},"16":{"name":"(anonymous_18)","decl":{"start":{"line":79,"column":27},"end":{"line":79,"column":32}},"loc":{"start":{"line":79,"column":75},"end":{"line":95,"column":1}}},"17":{"name":"(anonymous_19)","decl":{"start":{"line":81,"column":46},"end":{"line":81,"column":51}},"loc":{"start":{"line":82,"column":4},"end":{"line":82,"column":31}}},"18":{"name":"(anonymous_20)","decl":{"start":{"line":87,"column":6},"end":{"line":87,"column":7}},"loc":{"start":{"line":87,"column":24},"end":{"line":87,"column":52}}}},"branchMap":{"0":{"loc":{"start":{"line":23,"column":2},"end":{"line":28,"column":null}},"type":"if","locations":[{"start":{"line":23,"column":2},"end":{"line":28,"column":null}},{"start":{"line":23,"column":2},"end":{"line":28,"column":null}}]},"1":{"loc":{"start":{"line":85,"column":2},"end":{"line":92,"column":null}},"type":"if","locations":[{"start":{"line":85,"column":2},"end":{"line":92,"column":null}},{"start":{"line":85,"column":2},"end":{"line":92,"column":null}}]}},"s":{"0":2,"1":2,"2":2,"3":2,"4":2,"5":0,"6":2,"7":2,"8":2,"9":2,"10":2,"11":5,"12":2,"13":3,"14":3,"15":3,"16":3,"17":6,"18":3,"19":6,"20":2,"21":3,"22":3,"23":8,"24":5,"25":3,"26":2,"27":2,"28":2,"29":1,"30":2,"31":1,"32":2,"33":2,"34":3,"35":3,"36":2,"37":3,"38":2,"39":2,"40":2,"41":2,"42":1},"f":{"0":0,"1":2,"2":5,"3":3,"4":3,"5":3,"6":6,"7":3,"8":6,"9":3,"10":3,"11":8,"12":5,"13":2,"14":1,"15":1,"16":3,"17":2,"18":2},"b":{"0":[2,3],"1":[2,1]}}
}
