{"C:\\Users\\1395651\\Documents\\Code\\Silver Bars MarketPlace\\server\\src\\constants.ts": {"path":"C:\\Users\\1395651\\Documents\\Code\\Silver Bars MarketPlace\\server\\src\\constants.ts","statementMap":{"0":{"start":{"line":1,"column":13},"end":{"line":4,"column":2}}},"fnMap":{},"branchMap":{},"s":{"0":1},"f":{},"b":{}}
,"C:\\Users\\1395651\\Documents\\Code\\Silver Bars MarketPlace\\server\\src\\server.ts": {"path":"C:\\Users\\1395651\\Documents\\Code\\Silver Bars MarketPlace\\server\\src\\server.ts","statementMap":{"0":{"start":{"line":1,"column":0},"end":{"line":1,"column":30}},"1":{"start":{"line":2,"column":0},"end":{"line":2,"column":37}},"2":{"start":{"line":3,"column":0},"end":{"line":3,"column":37}},"3":{"start":{"line":4,"column":13},"end":{"line":4,"column":17}},"4":{"start":{"line":6,"column":12},"end":{"line":6,"column":21}},"5":{"start":{"line":7,"column":0},"end":{"line":7,"column":52}},"6":{"start":{"line":8,"column":0},"end":{"line":8,"column":27}},"7":{"start":{"line":10,"column":0},"end":{"line":16,"column":3}},"8":{"start":{"line":11,"column":2},"end":{"line":15,"column":null}},"9":{"start":{"line":12,"column":4},"end":{"line":12,"column":41}},"10":{"start":{"line":14,"column":4},"end":{"line":14,"column":12}},"11":{"start":{"line":18,"column":0},"end":{"line":29,"column":3}},"12":{"start":{"line":19,"column":2},"end":{"line":28,"column":null}},"13":{"start":{"line":20,"column":4},"end":{"line":20,"column":79}},"14":{"start":{"line":22,"column":4},"end":{"line":27,"column":null}},"15":{"start":{"line":23,"column":6},"end":{"line":23,"column":50}},"16":{"start":{"line":24,"column":6},"end":{"line":24,"column":50}},"17":{"start":{"line":26,"column":6},"end":{"line":26,"column":18}},"18":{"start":{"line":31,"column":0},"end":{"line":37,"column":3}},"19":{"start":{"line":32,"column":2},"end":{"line":36,"column":null}},"20":{"start":{"line":33,"column":4},"end":{"line":33,"column":46}},"21":{"start":{"line":35,"column":4},"end":{"line":35,"column":12}},"22":{"start":{"line":39,"column":0},"end":{"line":46,"column":3}},"23":{"start":{"line":40,"column":2},"end":{"line":45,"column":null}},"24":{"start":{"line":41,"column":4},"end":{"line":41,"column":79}},"25":{"start":{"line":43,"column":19},"end":{"line":43,"column":60}},"26":{"start":{"line":44,"column":4},"end":{"line":44,"column":21}},"27":{"start":{"line":48,"column":0},"end":{"line":48,"column":78}},"28":{"start":{"line":48,"column":23},"end":{"line":48,"column":76}}},"fnMap":{"0":{"name":"(anonymous_2)","decl":{"start":{"line":10,"column":29},"end":{"line":10,"column":30}},"loc":{"start":{"line":10,"column":48},"end":{"line":16,"column":1}}},"1":{"name":"(anonymous_3)","decl":{"start":{"line":18,"column":31},"end":{"line":18,"column":36}},"loc":{"start":{"line":18,"column":60},"end":{"line":29,"column":1}}},"2":{"name":"(anonymous_4)","decl":{"start":{"line":31,"column":32},"end":{"line":31,"column":37}},"loc":{"start":{"line":31,"column":61},"end":{"line":37,"column":1}}},"3":{"name":"(anonymous_5)","decl":{"start":{"line":39,"column":29},"end":{"line":39,"column":34}},"loc":{"start":{"line":39,"column":52},"end":{"line":46,"column":1}}},"4":{"name":"(anonymous_6)","decl":{"start":{"line":48,"column":17},"end":{"line":48,"column":20}},"loc":{"start":{"line":48,"column":23},"end":{"line":48,"column":76}}}},"branchMap":{"0":{"loc":{"start":{"line":19,"column":2},"end":{"line":28,"column":null}},"type":"if","locations":[{"start":{"line":19,"column":2},"end":{"line":28,"column":null}},{"start":{"line":19,"column":2},"end":{"line":28,"column":null}}]},"1":{"loc":{"start":{"line":40,"column":2},"end":{"line":45,"column":null}},"type":"if","locations":[{"start":{"line":40,"column":2},"end":{"line":45,"column":null}},{"start":{"line":40,"column":2},"end":{"line":45,"column":null}}]}},"s":{"0":0,"1":0,"2":0,"3":0,"4":0,"5":0,"6":0,"7":0,"8":0,"9":0,"10":0,"11":0,"12":0,"13":0,"14":0,"15":0,"16":0,"17":0,"18":0,"19":0,"20":0,"21":0,"22":0,"23":0,"24":0,"25":0,"26":0,"27":0,"28":0},"f":{"0":0,"1":0,"2":0,"3":0,"4":0},"b":{"0":[0,0],"1":[0,0]}}
,"C:\\Users\\1395651\\Documents\\Code\\Silver Bars MarketPlace\\server\\src\\helpers\\fileOps.ts": {"path":"C:\\Users\\1395651\\Documents\\Code\\Silver Bars MarketPlace\\server\\src\\helpers\\fileOps.ts","statementMap":{"0":{"start":{"line":1,"column":0},"end":{"line":1,"column":20}},"1":{"start":{"line":2,"column":13},"end":{"line":2,"column":28}},"2":{"start":{"line":3,"column":14},"end":{"line":3,"column":35}},"3":{"start":{"line":4,"column":0},"end":{"line":4,"column":24}},"4":{"start":{"line":7,"column":18},"end":{"line":7,"column":46}},"5":{"start":{"line":8,"column":16},"end":{"line":8,"column":43}},"6":{"start":{"line":10,"column":13},"end":{"line":12,"column":2}},"7":{"start":{"line":11,"column":2},"end":{"line":11,"column":68}},"8":{"start":{"line":14,"column":13},"end":{"line":16,"column":2}},"9":{"start":{"line":15,"column":2},"end":{"line":15,"column":67}},"10":{"start":{"line":18,"column":13},"end":{"line":19,"column":63}},"11":{"start":{"line":19,"column":2},"end":{"line":19,"column":62}},"12":{"start":{"line":21,"column":13},"end":{"line":22,"column":43}},"13":{"start":{"line":22,"column":2},"end":{"line":22,"column":42}}},"fnMap":{"0":{"name":"(anonymous_1)","decl":{"start":{"line":10,"column":33},"end":{"line":10,"column":38}},"loc":{"start":{"line":10,"column":58},"end":{"line":12,"column":1}}},"1":{"name":"(anonymous_2)","decl":{"start":{"line":14,"column":34},"end":{"line":14,"column":39}},"loc":{"start":{"line":14,"column":74},"end":{"line":16,"column":1}}},"2":{"name":"(anonymous_3)","decl":{"start":{"line":18,"column":28},"end":{"line":18,"column":31}},"loc":{"start":{"line":19,"column":2},"end":{"line":19,"column":62}}},"3":{"name":"(anonymous_4)","decl":{"start":{"line":21,"column":29},"end":{"line":21,"column":30}},"loc":{"start":{"line":22,"column":2},"end":{"line":22,"column":42}}}},"branchMap":{},"s":{"0":1,"1":1,"2":1,"3":1,"4":1,"5":1,"6":1,"7":5,"8":1,"9":2,"10":1,"11":2,"12":1,"13":0},"f":{"0":5,"1":2,"2":2,"3":0},"b":{}}
,"C:\\Users\\1395651\\Documents\\Code\\Silver Bars MarketPlace\\server\\src\\helpers\\index.ts": {"path":"C:\\Users\\1395651\\Documents\\Code\\Silver Bars MarketPlace\\server\\src\\helpers\\index.ts","statementMap":{"0":{"start":{"line":1,"column":0},"end":{"line":1,"column":31}},"1":{"start":{"line":2,"column":0},"end":{"line":2,"column":37}},"2":{"start":{"line":5,"column":0},"end":{"line":5,"column":37}},"3":{"start":{"line":6,"column":0},"end":{"line":6,"column":42}},"4":{"start":{"line":8,"column":13},"end":{"line":9,"column":41}},"5":{"start":{"line":9,"column":2},"end":{"line":9,"column":40}},"6":{"start":{"line":11,"column":13},"end":{"line":15,"column":2}},"7":{"start":{"line":12,"column":2},"end":{"line":14,"column":4}},"8":{"start":{"line":17,"column":13},"end":{"line":31,"column":2}},"9":{"start":{"line":21,"column":2},"end":{"line":26,"column":null}},"10":{"start":{"line":22,"column":4},"end":{"line":25,"column":34}},"11":{"start":{"line":23,"column":18},"end":{"line":23,"column":35}},"12":{"start":{"line":24,"column":22},"end":{"line":24,"column":27}},"13":{"start":{"line":25,"column":18},"end":{"line":25,"column":32}},"14":{"start":{"line":27,"column":2},"end":{"line":30,"column":32}},"15":{"start":{"line":28,"column":16},"end":{"line":28,"column":33}},"16":{"start":{"line":29,"column":20},"end":{"line":29,"column":25}},"17":{"start":{"line":30,"column":16},"end":{"line":30,"column":30}},"18":{"start":{"line":33,"column":13},"end":{"line":51,"column":4}},"19":{"start":{"line":38,"column":2},"end":{"line":50,"column":null}},"20":{"start":{"line":40,"column":36},"end":{"line":42,"column":72}},"21":{"start":{"line":41,"column":22},"end":{"line":41,"column":36}},"22":{"start":{"line":42,"column":46},"end":{"line":42,"column":71}},"23":{"start":{"line":43,"column":6},"end":{"line":48,"column":8}},"24":{"start":{"line":53,"column":13},"end":{"line":75,"column":2}},"25":{"start":{"line":54,"column":29},"end":{"line":54,"column":62}},"26":{"start":{"line":56,"column":21},"end":{"line":62,"column":null}},"27":{"start":{"line":58,"column":42},"end":{"line":58,"column":71}},"28":{"start":{"line":65,"column":20},"end":{"line":71,"column":null}},"29":{"start":{"line":67,"column":32},"end":{"line":67,"column":66}},"30":{"start":{"line":74,"column":2},"end":{"line":74,"column":39}},"31":{"start":{"line":77,"column":13},"end":{"line":93,"column":2}},"32":{"start":{"line":78,"column":29},"end":{"line":78,"column":62}},"33":{"start":{"line":79,"column":26},"end":{"line":80,"column":null}},"34":{"start":{"line":80,"column":4},"end":{"line":80,"column":31}},"35":{"start":{"line":83,"column":2},"end":{"line":90,"column":null}},"36":{"start":{"line":84,"column":26},"end":{"line":85,"column":null}},"37":{"start":{"line":85,"column":24},"end":{"line":85,"column":52}},"38":{"start":{"line":88,"column":4},"end":{"line":88,"column":68}},"39":{"start":{"line":89,"column":4},"end":{"line":89,"column":31}},"40":{"start":{"line":92,"column":2},"end":{"line":92,"column":27}}},"fnMap":{"0":{"name":"(anonymous_2)","decl":{"start":{"line":8,"column":32},"end":{"line":8,"column":43}},"loc":{"start":{"line":9,"column":2},"end":{"line":9,"column":40}}},"1":{"name":"(anonymous_3)","decl":{"start":{"line":11,"column":29},"end":{"line":11,"column":34}},"loc":{"start":{"line":11,"column":66},"end":{"line":15,"column":1}}},"2":{"name":"(anonymous_4)","decl":{"start":{"line":17,"column":27},"end":{"line":17,"column":null}},"loc":{"start":{"line":20,"column":14},"end":{"line":31,"column":1}}},"3":{"name":"(anonymous_5)","decl":{"start":{"line":23,"column":11},"end":{"line":23,"column":14}},"loc":{"start":{"line":23,"column":18},"end":{"line":23,"column":35}}},"4":{"name":"(anonymous_6)","decl":{"start":{"line":24,"column":12},"end":{"line":24,"column":13}},"loc":{"start":{"line":24,"column":22},"end":{"line":24,"column":27}}},"5":{"name":"(anonymous_7)","decl":{"start":{"line":25,"column":11},"end":{"line":25,"column":14}},"loc":{"start":{"line":25,"column":18},"end":{"line":25,"column":32}}},"6":{"name":"(anonymous_8)","decl":{"start":{"line":28,"column":9},"end":{"line":28,"column":12}},"loc":{"start":{"line":28,"column":16},"end":{"line":28,"column":33}}},"7":{"name":"(anonymous_9)","decl":{"start":{"line":29,"column":10},"end":{"line":29,"column":11}},"loc":{"start":{"line":29,"column":20},"end":{"line":29,"column":25}}},"8":{"name":"(anonymous_10)","decl":{"start":{"line":30,"column":9},"end":{"line":30,"column":12}},"loc":{"start":{"line":30,"column":16},"end":{"line":30,"column":30}}},"9":{"name":"(anonymous_11)","decl":{"start":{"line":33,"column":38},"end":{"line":33,"column":null}},"loc":{"start":{"line":38,"column":2},"end":{"line":50,"column":null}}},"10":{"name":"(anonymous_12)","decl":{"start":{"line":39,"column":4},"end":{"line":39,"column":5}},"loc":{"start":{"line":39,"column":20},"end":{"line":49,"column":5}}},"11":{"name":"(anonymous_13)","decl":{"start":{"line":41,"column":13},"end":{"line":41,"column":18}},"loc":{"start":{"line":41,"column":22},"end":{"line":41,"column":36}}},"12":{"name":"(anonymous_14)","decl":{"start":{"line":42,"column":16},"end":{"line":42,"column":17}},"loc":{"start":{"line":42,"column":46},"end":{"line":42,"column":71}}},"13":{"name":"(anonymous_15)","decl":{"start":{"line":53,"column":31},"end":{"line":53,"column":36}},"loc":{"start":{"line":53,"column":61},"end":{"line":75,"column":1}}},"14":{"name":"(anonymous_16)","decl":{"start":{"line":58,"column":23},"end":{"line":58,"column":24}},"loc":{"start":{"line":58,"column":42},"end":{"line":58,"column":71}}},"15":{"name":"(anonymous_17)","decl":{"start":{"line":67,"column":23},"end":{"line":67,"column":28}},"loc":{"start":{"line":67,"column":32},"end":{"line":67,"column":66}}},"16":{"name":"(anonymous_18)","decl":{"start":{"line":77,"column":27},"end":{"line":77,"column":32}},"loc":{"start":{"line":77,"column":75},"end":{"line":93,"column":1}}},"17":{"name":"(anonymous_19)","decl":{"start":{"line":79,"column":46},"end":{"line":79,"column":51}},"loc":{"start":{"line":80,"column":4},"end":{"line":80,"column":31}}},"18":{"name":"(anonymous_20)","decl":{"start":{"line":85,"column":6},"end":{"line":85,"column":7}},"loc":{"start":{"line":85,"column":24},"end":{"line":85,"column":52}}}},"branchMap":{"0":{"loc":{"start":{"line":21,"column":2},"end":{"line":26,"column":null}},"type":"if","locations":[{"start":{"line":21,"column":2},"end":{"line":26,"column":null}},{"start":{"line":21,"column":2},"end":{"line":26,"column":null}}]},"1":{"loc":{"start":{"line":83,"column":2},"end":{"line":90,"column":null}},"type":"if","locations":[{"start":{"line":83,"column":2},"end":{"line":90,"column":null}},{"start":{"line":83,"column":2},"end":{"line":90,"column":null}}]}},"s":{"0":1,"1":1,"2":1,"3":1,"4":1,"5":1,"6":1,"7":1,"8":1,"9":3,"10":1,"11":3,"12":3,"13":3,"14":2,"15":5,"16":3,"17":5,"18":1,"19":1,"20":2,"21":7,"22":5,"23":2,"24":1,"25":1,"26":1,"27":11,"28":1,"29":11,"30":1,"31":1,"32":2,"33":2,"34":12,"35":2,"36":1,"37":12,"38":1,"39":1,"40":1},"f":{"0":1,"1":1,"2":3,"3":3,"4":3,"5":3,"6":5,"7":3,"8":5,"9":1,"10":2,"11":7,"12":5,"13":1,"14":11,"15":11,"16":2,"17":12,"18":12},"b":{"0":[1,2],"1":[1,1]}}
}
